<?xml version="1.0" encoding="UTF-8"?>
<!-- Generated by org.testng.reporters.JUnitReportReporter -->
<testsuite hostname="DESKTOP-G32KEOE" failures="0" tests="3" name="HomePage.HomeTest" time="3.231" errors="0" timestamp="14 Jan 2021 15:34:49 GMT" skipped="2">
  <testcase classname="HomePage.HomeTest" name="AccessTestCases" time="3.213">
    <skipped/>
  </testcase> <!-- AccessTestCases -->
  <testcase classname="HomePage.HomeTest" name="checkFunctionality" time="0.018"/>
  <testcase classname="HomePage.HomeTest" name="AccessTestCase" time="0.000">
    <skipped/>
  </testcase> <!-- AccessTestCase -->
</testsuite> <!-- HomePage.HomeTest -->
